<?xml version="1.0" encoding="UTF-8"?>
<testsuite xmlns:xsi="http://www.w3.org/2001/XMLSchema-instance" xsi:noNamespaceSchemaLocation="https://maven.apache.org/surefire/maven-surefire-plugin/xsd/surefire-test-report.xsd" name="com.retail.store.RetailStoreApplicationTests" time="3.576" tests="3" errors="0" skipped="0" failures="1">
  <properties>
[...]
</properties>
  <testcase name="test_getDiscount_withOutGrocery" classname="com.retail.store.RetailStoreApplicationTests" time="0.406"/>
  <testcase name="test_getDiscount_withGrocery" classname="com.retail.store.RetailStoreApplicationTests" time="0.014">
    <failure message="netPaybaleAmount&#10;Expected: 195&#10;     got: 285&#10;" type="java.lang.AssertionError">java.lang.AssertionError: 
netPaybaleAmount
Expected: 195
     got: 285

	at com.retail.store.RetailStoreApplicationTests.test_getDiscount_withGrocery(RetailStoreApplicationTests.java:117)
</failure>
    <system-out><![CDATA[2019-06-25 22:49:39.845  INFO 24392 --- [           main] o.s.b.t.m.w.SpringBootMockServletContext : Initializing Spring TestDispatcherServlet ''
2019-06-25 22:49:39.845  INFO 24392 --- [           main] o.s.t.web.servlet.TestDispatcherServlet  : Initializing Servlet ''
2019-06-25 22:49:39.847  INFO 24392 --- [           main] o.s.t.web.servlet.TestDispatcherServlet  : Completed initialization in 1 ms
]]></system-out>
  </testcase>
  <testcase name="contextLoads" classname="com.retail.store.RetailStoreApplicationTests" time="0.006"/>
</testsuite>